<?xml version="1.0" encoding="utf-8" ?>
<!DOCTYPE html PUBLIC "-//W3C//DTD XHTML 1.0 Strict//EN"
        "http://www.w3.org/TR/xhtml1/DTD/xhtml1-strict.dtd">
<html xmlns="http://www.w3.org/1999/xhtml" xml:lang="" lang="">
<head>
  <title>Test Results Report - X-Cart TopMenu Test, HotDeals Test and Shopping Test</title>
  <meta http-equiv="Content-Type" content="text/html;charset=utf-8" />
  <meta name="description" content="TestNG unit test results." />
  <link href="reportng.css" rel="stylesheet" type="text/css" />
    <script type="text/javascript" src="reportng.js"></script>
</head>
<body>
<h1>X-Cart TopMenu Test, HotDeals Test and Shopping Test</h1>
<p>
  Test duration: 404.662s
</p>



  <table class="resultsTable">
    <tr><th colspan="3" class="header failed">Failed Tests</th></tr>
          <tr>
        <td colspan="3" class="group">demo.xcart.hotdeals.HotDealsTest</td>
      </tr>
            
<tr>
  <td class="method">
                  verifyBestSellersProductPriceArrangeHighToLow
      </td>
  <td class="duration">
    8.346s
  </td>
  <td class="result">
        
    
            <div class="testOutput">
                        Mouse hover on Hot DealsBy.xpath: //ul[@class='nav navbar-nav top-main-menu']/li[2]/span<br>
                                Mouse hover on Bestsellers Link and ClickBy.xpath: //ul[@class='nav navbar-nav top-main-menu']/li[2]/ul/li[2]<br>
                                Verify Message BestsellersBy.xpath: //h1[@id='page-title']<br>
                                Mouse hover on Sort ByBy.xpath: //span[contains(text(),'Sort by:')]<br>
                                Select Price High to LowBy.xpath: //ul[@id='XLite-Module-CDev-Bestsellers-View-BestsellersPage-sortby-1']/li[3]/a<br>
                                Verify Product is arrange High to LowBy.xpath: //span[contains(text(),'Price High - Low')]<br>
                                Click to see screenshot
                                <a target = "_blank" href=C:\Users\Nehal\IdeaProjects\xcart-HW-2-Week14/test-output/html/verifyBestSellersProductPriceArrangeHighToLowFri_Jun_18_00_28_38_BST_2021.jpg>Screenshot</a>
                                <br>
                                <br>
                                <a target = "_blank" href=C:\Users\Nehal\IdeaProjects\xcart-HW-2-Week14/test-output/html/verifyBestSellersProductPriceArrangeHighToLowFri_Jun_18_00_28_38_BST_2021.jpg><img src=C:\Users\Nehal\IdeaProjects\xcart-HW-2-Week14/test-output/html/verifyBestSellersProductPriceArrangeHighToLowFri_Jun_18_00_28_38_BST_2021.jpg height=200 width=200></img></a>
                  </div>
    

        <a href="javascript:toggleElement('exception-0', 'block')" title="Click to expand/collapse"><b>org.openqa.selenium.support.ui.UnexpectedTagNameException: Element should have been &quot;select&quot; but was &quot;span&quot;<br/>
Build info: version: &apos;3.141.59&apos;, revision: &apos;e82be7d358&apos;, time: &apos;2018-11-14T08:17:03&apos;<br/>
System info: host: &apos;DESKTOP-R59LGQ5&apos;, ip: &apos;192.168.0.17&apos;, os.name: &apos;Windows 10&apos;, os.arch: &apos;amd64&apos;, os.version: &apos;10.0&apos;, java.version: &apos;1.8.0_121&apos;<br/>
Driver info: driver.version: unknown</b></a><br />
    <div class="stackTrace" id="exception-0">
              org.openqa.selenium.support.ui.Select.&lt;init&gt;(Select.java:48)<br />
              demo.xcart.utility.Utility.selectByValueVisibleText(Utility.java:95)<br />
              demo.xcart.pages.BestsellersPage.setVerifyProductArrangeHightoLow(BestsellersPage.java:76)<br />
              demo.xcart.hotdeals.HotDealsTest.verifyBestSellersProductPriceArrangeHighToLow(HotDealsTest.java:88)<br />
              sun.reflect.NativeMethodAccessorImpl.invoke0(Native Method)<br />
              sun.reflect.NativeMethodAccessorImpl.invoke(NativeMethodAccessorImpl.java:62)<br />
              sun.reflect.DelegatingMethodAccessorImpl.invoke(DelegatingMethodAccessorImpl.java:43)<br />
              java.lang.reflect.Method.invoke(Method.java:498)<br />
              org.testng.internal.MethodInvocationHelper.invokeMethod(MethodInvocationHelper.java:124)<br />
              org.testng.internal.Invoker.invokeMethod(Invoker.java:583)<br />
              org.testng.internal.Invoker.invokeTestMethod(Invoker.java:719)<br />
              org.testng.internal.Invoker.invokeTestMethods(Invoker.java:989)<br />
              org.testng.internal.TestMethodWorker.invokeTestMethods(TestMethodWorker.java:125)<br />
              org.testng.internal.TestMethodWorker.run(TestMethodWorker.java:109)<br />
              org.testng.TestRunner.privateRun(TestRunner.java:648)<br />
              org.testng.TestRunner.run(TestRunner.java:505)<br />
              org.testng.SuiteRunner.runTest(SuiteRunner.java:455)<br />
              org.testng.SuiteRunner.runSequentially(SuiteRunner.java:450)<br />
              org.testng.SuiteRunner.privateRun(SuiteRunner.java:415)<br />
              org.testng.SuiteRunner.run(SuiteRunner.java:364)<br />
              org.testng.SuiteRunnerWorker.runSuite(SuiteRunnerWorker.java:52)<br />
              org.testng.SuiteRunnerWorker.run(SuiteRunnerWorker.java:84)<br />
              org.testng.TestNG.runSuitesSequentially(TestNG.java:1208)<br />
              org.testng.TestNG.runSuitesLocally(TestNG.java:1137)<br />
              org.testng.TestNG.runSuites(TestNG.java:1049)<br />
              org.testng.TestNG.run(TestNG.java:1017)<br />
              com.intellij.rt.testng.IDEARemoteTestNG.run(IDEARemoteTestNG.java:66)<br />
              com.intellij.rt.testng.RemoteTestNGStarter.main(RemoteTestNGStarter.java:109)<br />
                </div>
      </td>
</tr>
<tr>
  <td class="method">
                  verifyBestSellersProductsArrangeByRates
      </td>
  <td class="duration">
    7.977s
  </td>
  <td class="result">
        
    
            <div class="testOutput">
                        Mouse hover on Hot DealsBy.xpath: //ul[@class='nav navbar-nav top-main-menu']/li[2]/span<br>
                                Mouse hover on Bestsellers Link and ClickBy.xpath: //ul[@class='nav navbar-nav top-main-menu']/li[2]/ul/li[2]<br>
                                Verify Message BestsellersBy.xpath: //h1[@id='page-title']<br>
                                Mouse hover on Sort ByBy.xpath: //span[contains(text(),'Sort by:')]<br>
                                Select Product by RatesBy.xpath: //ul[@id='XLite-Module-CDev-Bestsellers-View-BestsellersPage-sortby-1']/li[6]/a<br>
                                Verify Product is arrange by RatesBy.xpath: //span[contains(text(),'Rates')]<br>
                                Click to see screenshot
                                <a target = "_blank" href=C:\Users\Nehal\IdeaProjects\xcart-HW-2-Week14/test-output/html/verifyBestSellersProductsArrangeByRatesFri_Jun_18_00_28_55_BST_2021.jpg>Screenshot</a>
                                <br>
                                <br>
                                <a target = "_blank" href=C:\Users\Nehal\IdeaProjects\xcart-HW-2-Week14/test-output/html/verifyBestSellersProductsArrangeByRatesFri_Jun_18_00_28_55_BST_2021.jpg><img src=C:\Users\Nehal\IdeaProjects\xcart-HW-2-Week14/test-output/html/verifyBestSellersProductsArrangeByRatesFri_Jun_18_00_28_55_BST_2021.jpg height=200 width=200></img></a>
                  </div>
    

        <a href="javascript:toggleElement('exception-1', 'block')" title="Click to expand/collapse"><b>org.openqa.selenium.support.ui.UnexpectedTagNameException: Element should have been &quot;select&quot; but was &quot;span&quot;<br/>
Build info: version: &apos;3.141.59&apos;, revision: &apos;e82be7d358&apos;, time: &apos;2018-11-14T08:17:03&apos;<br/>
System info: host: &apos;DESKTOP-R59LGQ5&apos;, ip: &apos;192.168.0.17&apos;, os.name: &apos;Windows 10&apos;, os.arch: &apos;amd64&apos;, os.version: &apos;10.0&apos;, java.version: &apos;1.8.0_121&apos;<br/>
Driver info: driver.version: unknown</b></a><br />
    <div class="stackTrace" id="exception-1">
              org.openqa.selenium.support.ui.Select.&lt;init&gt;(Select.java:48)<br />
              demo.xcart.utility.Utility.selectByValueVisibleText(Utility.java:95)<br />
              demo.xcart.pages.BestsellersPage.verifyProductArrangeByRates(BestsellersPage.java:103)<br />
              demo.xcart.hotdeals.HotDealsTest.verifyBestSellersProductsArrangeByRates(HotDealsTest.java:103)<br />
              sun.reflect.NativeMethodAccessorImpl.invoke0(Native Method)<br />
              sun.reflect.NativeMethodAccessorImpl.invoke(NativeMethodAccessorImpl.java:62)<br />
              sun.reflect.DelegatingMethodAccessorImpl.invoke(DelegatingMethodAccessorImpl.java:43)<br />
              java.lang.reflect.Method.invoke(Method.java:498)<br />
              org.testng.internal.MethodInvocationHelper.invokeMethod(MethodInvocationHelper.java:124)<br />
              org.testng.internal.Invoker.invokeMethod(Invoker.java:583)<br />
              org.testng.internal.Invoker.invokeTestMethod(Invoker.java:719)<br />
              org.testng.internal.Invoker.invokeTestMethods(Invoker.java:989)<br />
              org.testng.internal.TestMethodWorker.invokeTestMethods(TestMethodWorker.java:125)<br />
              org.testng.internal.TestMethodWorker.run(TestMethodWorker.java:109)<br />
              org.testng.TestRunner.privateRun(TestRunner.java:648)<br />
              org.testng.TestRunner.run(TestRunner.java:505)<br />
              org.testng.SuiteRunner.runTest(SuiteRunner.java:455)<br />
              org.testng.SuiteRunner.runSequentially(SuiteRunner.java:450)<br />
              org.testng.SuiteRunner.privateRun(SuiteRunner.java:415)<br />
              org.testng.SuiteRunner.run(SuiteRunner.java:364)<br />
              org.testng.SuiteRunnerWorker.runSuite(SuiteRunnerWorker.java:52)<br />
              org.testng.SuiteRunnerWorker.run(SuiteRunnerWorker.java:84)<br />
              org.testng.TestNG.runSuitesSequentially(TestNG.java:1208)<br />
              org.testng.TestNG.runSuitesLocally(TestNG.java:1137)<br />
              org.testng.TestNG.runSuites(TestNG.java:1049)<br />
              org.testng.TestNG.run(TestNG.java:1017)<br />
              com.intellij.rt.testng.IDEARemoteTestNG.run(IDEARemoteTestNG.java:66)<br />
              com.intellij.rt.testng.RemoteTestNGStarter.main(RemoteTestNGStarter.java:109)<br />
                </div>
      </td>
</tr>
<tr>
  <td class="method">
                  verifyBestSellersProductsArrangeByZToA
      </td>
  <td class="duration">
    7.637s
  </td>
  <td class="result">
        
    
            <div class="testOutput">
                        Mouse hover on Hot DealsBy.xpath: //ul[@class='nav navbar-nav top-main-menu']/li[2]/span<br>
                                Mouse hover on Bestsellers Link and ClickBy.xpath: //ul[@class='nav navbar-nav top-main-menu']/li[2]/ul/li[2]<br>
                                Verify Message BestsellersBy.xpath: //h1[@id='page-title']<br>
                                Mouse hover on Sort ByBy.xpath: //span[contains(text(),'Sort by:')]<br>
                                Select Name Z to A and clickBy.xpath: //ul[@id='XLite-Module-CDev-Bestsellers-View-BestsellersPage-sortby-1']/li[5]/a<br>
                                Verify Product is arrange Z to ABy.xpath: //span[contains(text(),'Name Z - A')]<br>
                                Click to see screenshot
                                <a target = "_blank" href=C:\Users\Nehal\IdeaProjects\xcart-HW-2-Week14/test-output/html/verifyBestSellersProductsArrangeByZToAFri_Jun_18_00_29_11_BST_2021.jpg>Screenshot</a>
                                <br>
                                <br>
                                <a target = "_blank" href=C:\Users\Nehal\IdeaProjects\xcart-HW-2-Week14/test-output/html/verifyBestSellersProductsArrangeByZToAFri_Jun_18_00_29_11_BST_2021.jpg><img src=C:\Users\Nehal\IdeaProjects\xcart-HW-2-Week14/test-output/html/verifyBestSellersProductsArrangeByZToAFri_Jun_18_00_29_11_BST_2021.jpg height=200 width=200></img></a>
                  </div>
    

        <a href="javascript:toggleElement('exception-2', 'block')" title="Click to expand/collapse"><b>org.openqa.selenium.support.ui.UnexpectedTagNameException: Element should have been &quot;select&quot; but was &quot;span&quot;<br/>
Build info: version: &apos;3.141.59&apos;, revision: &apos;e82be7d358&apos;, time: &apos;2018-11-14T08:17:03&apos;<br/>
System info: host: &apos;DESKTOP-R59LGQ5&apos;, ip: &apos;192.168.0.17&apos;, os.name: &apos;Windows 10&apos;, os.arch: &apos;amd64&apos;, os.version: &apos;10.0&apos;, java.version: &apos;1.8.0_121&apos;<br/>
Driver info: driver.version: unknown</b></a><br />
    <div class="stackTrace" id="exception-2">
              org.openqa.selenium.support.ui.Select.&lt;init&gt;(Select.java:48)<br />
              demo.xcart.utility.Utility.selectByValueVisibleText(Utility.java:95)<br />
              demo.xcart.pages.BestsellersPage.setVerifyProductArrangeZtoA(BestsellersPage.java:49)<br />
              demo.xcart.hotdeals.HotDealsTest.verifyBestSellersProductsArrangeByZToA(HotDealsTest.java:73)<br />
              sun.reflect.NativeMethodAccessorImpl.invoke0(Native Method)<br />
              sun.reflect.NativeMethodAccessorImpl.invoke(NativeMethodAccessorImpl.java:62)<br />
              sun.reflect.DelegatingMethodAccessorImpl.invoke(DelegatingMethodAccessorImpl.java:43)<br />
              java.lang.reflect.Method.invoke(Method.java:498)<br />
              org.testng.internal.MethodInvocationHelper.invokeMethod(MethodInvocationHelper.java:124)<br />
              org.testng.internal.Invoker.invokeMethod(Invoker.java:583)<br />
              org.testng.internal.Invoker.invokeTestMethod(Invoker.java:719)<br />
              org.testng.internal.Invoker.invokeTestMethods(Invoker.java:989)<br />
              org.testng.internal.TestMethodWorker.invokeTestMethods(TestMethodWorker.java:125)<br />
              org.testng.internal.TestMethodWorker.run(TestMethodWorker.java:109)<br />
              org.testng.TestRunner.privateRun(TestRunner.java:648)<br />
              org.testng.TestRunner.run(TestRunner.java:505)<br />
              org.testng.SuiteRunner.runTest(SuiteRunner.java:455)<br />
              org.testng.SuiteRunner.runSequentially(SuiteRunner.java:450)<br />
              org.testng.SuiteRunner.privateRun(SuiteRunner.java:415)<br />
              org.testng.SuiteRunner.run(SuiteRunner.java:364)<br />
              org.testng.SuiteRunnerWorker.runSuite(SuiteRunnerWorker.java:52)<br />
              org.testng.SuiteRunnerWorker.run(SuiteRunnerWorker.java:84)<br />
              org.testng.TestNG.runSuitesSequentially(TestNG.java:1208)<br />
              org.testng.TestNG.runSuitesLocally(TestNG.java:1137)<br />
              org.testng.TestNG.runSuites(TestNG.java:1049)<br />
              org.testng.TestNG.run(TestNG.java:1017)<br />
              com.intellij.rt.testng.IDEARemoteTestNG.run(IDEARemoteTestNG.java:66)<br />
              com.intellij.rt.testng.RemoteTestNGStarter.main(RemoteTestNGStarter.java:109)<br />
                </div>
      </td>
</tr>
<tr>
  <td class="method">
                  verifySaleProductsArrangeAlphabetically
      </td>
  <td class="duration">
    28.269s
  </td>
  <td class="result">
        
    
            <div class="testOutput">
                        Mouse hover on Hot DealsBy.xpath: //ul[@class='nav navbar-nav top-main-menu']/li[2]/span<br>
                                Click to see screenshot
                                <a target = "_blank" href=C:\Users\Nehal\IdeaProjects\xcart-HW-2-Week14/test-output/html/verifySaleProductsArrangeAlphabeticallyFri_Jun_18_00_30_11_BST_2021.jpg>Screenshot</a>
                                <br>
                                <br>
                                <a target = "_blank" href=C:\Users\Nehal\IdeaProjects\xcart-HW-2-Week14/test-output/html/verifySaleProductsArrangeAlphabeticallyFri_Jun_18_00_30_11_BST_2021.jpg><img src=C:\Users\Nehal\IdeaProjects\xcart-HW-2-Week14/test-output/html/verifySaleProductsArrangeAlphabeticallyFri_Jun_18_00_30_11_BST_2021.jpg height=200 width=200></img></a>
                  </div>
    

        <a href="javascript:toggleElement('exception-3', 'block')" title="Click to expand/collapse"><b>org.openqa.selenium.NoSuchElementException: no such element: Unable to locate element: {&quot;method&quot;:&quot;xpath&quot;,&quot;selector&quot;:&quot;//ul[@class=&apos;nav navbar-nav top-main-menu&apos;]/li[2]/span&quot;}<br/>
&nbsp; (Session info: chrome=91.0.4472.106)<br/>
For documentation on this error, please visit: https://www.seleniumhq.org/exceptions/no_such_element.html<br/>
Build info: version: &apos;3.141.59&apos;, revision: &apos;e82be7d358&apos;, time: &apos;2018-11-14T08:17:03&apos;<br/>
System info: host: &apos;DESKTOP-R59LGQ5&apos;, ip: &apos;192.168.0.17&apos;, os.name: &apos;Windows 10&apos;, os.arch: &apos;amd64&apos;, os.version: &apos;10.0&apos;, java.version: &apos;1.8.0_121&apos;<br/>
Driver info: org.openqa.selenium.chrome.ChromeDriver<br/>
Capabilities {acceptInsecureCerts: false, browserName: chrome, browserVersion: 91.0.4472.106, chrome: {chromedriverVersion: 90.0.4430.24 (4c6d850f087da..., userDataDir: C:\Users\Nehal\AppData\Loca...}, goog:chromeOptions: {debuggerAddress: localhost:58501}, javascriptEnabled: true, networkConnectionEnabled: false, pageLoadStrategy: normal, platform: WINDOWS, platformName: WINDOWS, proxy: Proxy(), setWindowRect: true, strictFileInteractability: false, timeouts: {implicit: 0, pageLoad: 300000, script: 30000}, unhandledPromptBehavior: dismiss and notify, webauthn:extension:largeBlob: true, webauthn:virtualAuthenticators: true}<br/>
Session ID: bcf82d8036aa0a4ba9200b78339c3dc4<br/>
*** Element info: {Using=xpath, value=//ul[@class=&apos;nav navbar-nav top-main-menu&apos;]/li[2]/span}</b></a><br />
    <div class="stackTrace" id="exception-3">
              sun.reflect.NativeConstructorAccessorImpl.newInstance0(Native Method)<br />
              sun.reflect.NativeConstructorAccessorImpl.newInstance(NativeConstructorAccessorImpl.java:62)<br />
              sun.reflect.DelegatingConstructorAccessorImpl.newInstance(DelegatingConstructorAccessorImpl.java:45)<br />
              java.lang.reflect.Constructor.newInstance(Constructor.java:423)<br />
              org.openqa.selenium.remote.http.W3CHttpResponseCodec.createException(W3CHttpResponseCodec.java:187)<br />
              org.openqa.selenium.remote.http.W3CHttpResponseCodec.decode(W3CHttpResponseCodec.java:122)<br />
              org.openqa.selenium.remote.http.W3CHttpResponseCodec.decode(W3CHttpResponseCodec.java:49)<br />
              org.openqa.selenium.remote.HttpCommandExecutor.execute(HttpCommandExecutor.java:158)<br />
              org.openqa.selenium.remote.service.DriverCommandExecutor.execute(DriverCommandExecutor.java:83)<br />
              org.openqa.selenium.remote.RemoteWebDriver.execute(RemoteWebDriver.java:552)<br />
              org.openqa.selenium.remote.RemoteWebDriver.findElement(RemoteWebDriver.java:323)<br />
              org.openqa.selenium.remote.RemoteWebDriver.findElementByXPath(RemoteWebDriver.java:428)<br />
              org.openqa.selenium.By$ByXPath.findElement(By.java:353)<br />
              org.openqa.selenium.remote.RemoteWebDriver.findElement(RemoteWebDriver.java:315)<br />
              demo.xcart.utility.Utility.mouseHoverToElement(Utility.java:120)<br />
              demo.xcart.pages.HomePage.mouseHoverOnHotDeals(HomePage.java:40)<br />
              demo.xcart.hotdeals.HotDealsTest.verifySaleProductsArrangeAlphabetically(HotDealsTest.java:19)<br />
              sun.reflect.NativeMethodAccessorImpl.invoke0(Native Method)<br />
              sun.reflect.NativeMethodAccessorImpl.invoke(NativeMethodAccessorImpl.java:62)<br />
              sun.reflect.DelegatingMethodAccessorImpl.invoke(DelegatingMethodAccessorImpl.java:43)<br />
              java.lang.reflect.Method.invoke(Method.java:498)<br />
              org.testng.internal.MethodInvocationHelper.invokeMethod(MethodInvocationHelper.java:124)<br />
              org.testng.internal.Invoker.invokeMethod(Invoker.java:583)<br />
              org.testng.internal.Invoker.invokeTestMethod(Invoker.java:719)<br />
              org.testng.internal.Invoker.invokeTestMethods(Invoker.java:989)<br />
              org.testng.internal.TestMethodWorker.invokeTestMethods(TestMethodWorker.java:125)<br />
              org.testng.internal.TestMethodWorker.run(TestMethodWorker.java:109)<br />
              org.testng.TestRunner.privateRun(TestRunner.java:648)<br />
              org.testng.TestRunner.run(TestRunner.java:505)<br />
              org.testng.SuiteRunner.runTest(SuiteRunner.java:455)<br />
              org.testng.SuiteRunner.runSequentially(SuiteRunner.java:450)<br />
              org.testng.SuiteRunner.privateRun(SuiteRunner.java:415)<br />
              org.testng.SuiteRunner.run(SuiteRunner.java:364)<br />
              org.testng.SuiteRunnerWorker.runSuite(SuiteRunnerWorker.java:52)<br />
              org.testng.SuiteRunnerWorker.run(SuiteRunnerWorker.java:84)<br />
              org.testng.TestNG.runSuitesSequentially(TestNG.java:1208)<br />
              org.testng.TestNG.runSuitesLocally(TestNG.java:1137)<br />
              org.testng.TestNG.runSuites(TestNG.java:1049)<br />
              org.testng.TestNG.run(TestNG.java:1017)<br />
              com.intellij.rt.testng.IDEARemoteTestNG.run(IDEARemoteTestNG.java:66)<br />
              com.intellij.rt.testng.RemoteTestNGStarter.main(RemoteTestNGStarter.java:109)<br />
                </div>
      </td>
</tr>
<tr>
  <td class="method">
                  verifySaleProductsArrangeByRates
      </td>
  <td class="duration">
    20.024s
  </td>
  <td class="result">
        
    
            <div class="testOutput">
                        Mouse hover on Hot DealsBy.xpath: //ul[@class='nav navbar-nav top-main-menu']/li[2]/span<br>
                                Click to see screenshot
                                <a target = "_blank" href=C:\Users\Nehal\IdeaProjects\xcart-HW-2-Week14/test-output/html/verifySaleProductsArrangeByRatesFri_Jun_18_00_31_14_BST_2021.jpg>Screenshot</a>
                                <br>
                                <br>
                                <a target = "_blank" href=C:\Users\Nehal\IdeaProjects\xcart-HW-2-Week14/test-output/html/verifySaleProductsArrangeByRatesFri_Jun_18_00_31_14_BST_2021.jpg><img src=C:\Users\Nehal\IdeaProjects\xcart-HW-2-Week14/test-output/html/verifySaleProductsArrangeByRatesFri_Jun_18_00_31_14_BST_2021.jpg height=200 width=200></img></a>
                  </div>
    

        <a href="javascript:toggleElement('exception-4', 'block')" title="Click to expand/collapse"><b>org.openqa.selenium.NoSuchElementException: no such element: Unable to locate element: {&quot;method&quot;:&quot;xpath&quot;,&quot;selector&quot;:&quot;//ul[@class=&apos;nav navbar-nav top-main-menu&apos;]/li[2]/span&quot;}<br/>
&nbsp; (Session info: chrome=91.0.4472.106)<br/>
For documentation on this error, please visit: https://www.seleniumhq.org/exceptions/no_such_element.html<br/>
Build info: version: &apos;3.141.59&apos;, revision: &apos;e82be7d358&apos;, time: &apos;2018-11-14T08:17:03&apos;<br/>
System info: host: &apos;DESKTOP-R59LGQ5&apos;, ip: &apos;192.168.0.17&apos;, os.name: &apos;Windows 10&apos;, os.arch: &apos;amd64&apos;, os.version: &apos;10.0&apos;, java.version: &apos;1.8.0_121&apos;<br/>
Driver info: org.openqa.selenium.chrome.ChromeDriver<br/>
Capabilities {acceptInsecureCerts: false, browserName: chrome, browserVersion: 91.0.4472.106, chrome: {chromedriverVersion: 90.0.4430.24 (4c6d850f087da..., userDataDir: C:\Users\Nehal\AppData\Loca...}, goog:chromeOptions: {debuggerAddress: localhost:54703}, javascriptEnabled: true, networkConnectionEnabled: false, pageLoadStrategy: normal, platform: WINDOWS, platformName: WINDOWS, proxy: Proxy(), setWindowRect: true, strictFileInteractability: false, timeouts: {implicit: 0, pageLoad: 300000, script: 30000}, unhandledPromptBehavior: dismiss and notify, webauthn:extension:largeBlob: true, webauthn:virtualAuthenticators: true}<br/>
Session ID: a05120b1677980b16829d37bc956c4bc<br/>
*** Element info: {Using=xpath, value=//ul[@class=&apos;nav navbar-nav top-main-menu&apos;]/li[2]/span}</b></a><br />
    <div class="stackTrace" id="exception-4">
              sun.reflect.NativeConstructorAccessorImpl.newInstance0(Native Method)<br />
              sun.reflect.NativeConstructorAccessorImpl.newInstance(NativeConstructorAccessorImpl.java:62)<br />
              sun.reflect.DelegatingConstructorAccessorImpl.newInstance(DelegatingConstructorAccessorImpl.java:45)<br />
              java.lang.reflect.Constructor.newInstance(Constructor.java:423)<br />
              org.openqa.selenium.remote.http.W3CHttpResponseCodec.createException(W3CHttpResponseCodec.java:187)<br />
              org.openqa.selenium.remote.http.W3CHttpResponseCodec.decode(W3CHttpResponseCodec.java:122)<br />
              org.openqa.selenium.remote.http.W3CHttpResponseCodec.decode(W3CHttpResponseCodec.java:49)<br />
              org.openqa.selenium.remote.HttpCommandExecutor.execute(HttpCommandExecutor.java:158)<br />
              org.openqa.selenium.remote.service.DriverCommandExecutor.execute(DriverCommandExecutor.java:83)<br />
              org.openqa.selenium.remote.RemoteWebDriver.execute(RemoteWebDriver.java:552)<br />
              org.openqa.selenium.remote.RemoteWebDriver.findElement(RemoteWebDriver.java:323)<br />
              org.openqa.selenium.remote.RemoteWebDriver.findElementByXPath(RemoteWebDriver.java:428)<br />
              org.openqa.selenium.By$ByXPath.findElement(By.java:353)<br />
              org.openqa.selenium.remote.RemoteWebDriver.findElement(RemoteWebDriver.java:315)<br />
              demo.xcart.utility.Utility.mouseHoverToElement(Utility.java:120)<br />
              demo.xcart.pages.HomePage.mouseHoverOnHotDeals(HomePage.java:40)<br />
              demo.xcart.hotdeals.HotDealsTest.verifySaleProductsArrangeByRates(HotDealsTest.java:49)<br />
              sun.reflect.NativeMethodAccessorImpl.invoke0(Native Method)<br />
              sun.reflect.NativeMethodAccessorImpl.invoke(NativeMethodAccessorImpl.java:62)<br />
              sun.reflect.DelegatingMethodAccessorImpl.invoke(DelegatingMethodAccessorImpl.java:43)<br />
              java.lang.reflect.Method.invoke(Method.java:498)<br />
              org.testng.internal.MethodInvocationHelper.invokeMethod(MethodInvocationHelper.java:124)<br />
              org.testng.internal.Invoker.invokeMethod(Invoker.java:583)<br />
              org.testng.internal.Invoker.invokeTestMethod(Invoker.java:719)<br />
              org.testng.internal.Invoker.invokeTestMethods(Invoker.java:989)<br />
              org.testng.internal.TestMethodWorker.invokeTestMethods(TestMethodWorker.java:125)<br />
              org.testng.internal.TestMethodWorker.run(TestMethodWorker.java:109)<br />
              org.testng.TestRunner.privateRun(TestRunner.java:648)<br />
              org.testng.TestRunner.run(TestRunner.java:505)<br />
              org.testng.SuiteRunner.runTest(SuiteRunner.java:455)<br />
              org.testng.SuiteRunner.runSequentially(SuiteRunner.java:450)<br />
              org.testng.SuiteRunner.privateRun(SuiteRunner.java:415)<br />
              org.testng.SuiteRunner.run(SuiteRunner.java:364)<br />
              org.testng.SuiteRunnerWorker.runSuite(SuiteRunnerWorker.java:52)<br />
              org.testng.SuiteRunnerWorker.run(SuiteRunnerWorker.java:84)<br />
              org.testng.TestNG.runSuitesSequentially(TestNG.java:1208)<br />
              org.testng.TestNG.runSuitesLocally(TestNG.java:1137)<br />
              org.testng.TestNG.runSuites(TestNG.java:1049)<br />
              org.testng.TestNG.run(TestNG.java:1017)<br />
              com.intellij.rt.testng.IDEARemoteTestNG.run(IDEARemoteTestNG.java:66)<br />
              com.intellij.rt.testng.RemoteTestNGStarter.main(RemoteTestNGStarter.java:109)<br />
                </div>
      </td>
</tr>
<tr>
  <td class="method">
                  verifySaleProductsPriceArrangeLowToHigh
      </td>
  <td class="duration">
    14.672s
  </td>
  <td class="result">
        
    
            <div class="testOutput">
                        Mouse hover on Hot DealsBy.xpath: //ul[@class='nav navbar-nav top-main-menu']/li[2]/span<br>
                                Mouse hover on Sale Link and ClickBy.xpath: //ul[@class='nav navbar-nav top-main-menu']/li[2]/ul/li[1]<br>
                                Verify the Text, SaleBy.xpath: //h1[@id='page-title']<br>
                                Mouse hover on SortByBy.xpath: //span[contains(text(),'Sort by:')]<br>
                                Select Price Low to HighBy.xpath: //ul[@id='XLite-Module-CDev-Sale-View-SalePage-sortby-1']/li[3]/a<br>
                                Verify the product arrange Low to HighBy.xpath: //span[contains(text(),'Price Low - High')]<br>
                                Click to see screenshot
                                <a target = "_blank" href=C:\Users\Nehal\IdeaProjects\xcart-HW-2-Week14/test-output/html/verifySaleProductsPriceArrangeLowToHighFri_Jun_18_00_32_02_BST_2021.jpg>Screenshot</a>
                                <br>
                                <br>
                                <a target = "_blank" href=C:\Users\Nehal\IdeaProjects\xcart-HW-2-Week14/test-output/html/verifySaleProductsPriceArrangeLowToHighFri_Jun_18_00_32_02_BST_2021.jpg><img src=C:\Users\Nehal\IdeaProjects\xcart-HW-2-Week14/test-output/html/verifySaleProductsPriceArrangeLowToHighFri_Jun_18_00_32_02_BST_2021.jpg height=200 width=200></img></a>
                  </div>
    

        <a href="javascript:toggleElement('exception-5', 'block')" title="Click to expand/collapse"><b>org.openqa.selenium.support.ui.UnexpectedTagNameException: Element should have been &quot;select&quot; but was &quot;span&quot;<br/>
Build info: version: &apos;3.141.59&apos;, revision: &apos;e82be7d358&apos;, time: &apos;2018-11-14T08:17:03&apos;<br/>
System info: host: &apos;DESKTOP-R59LGQ5&apos;, ip: &apos;192.168.0.17&apos;, os.name: &apos;Windows 10&apos;, os.arch: &apos;amd64&apos;, os.version: &apos;10.0&apos;, java.version: &apos;1.8.0_121&apos;<br/>
Driver info: driver.version: unknown</b></a><br />
    <div class="stackTrace" id="exception-5">
              org.openqa.selenium.support.ui.Select.&lt;init&gt;(Select.java:48)<br />
              demo.xcart.utility.Utility.selectByValueVisibleText(Utility.java:95)<br />
              demo.xcart.pages.SalePage.verifyProductArrangePriceLowtoHigh(SalePage.java:74)<br />
              demo.xcart.hotdeals.HotDealsTest.verifySaleProductsPriceArrangeLowToHigh(HotDealsTest.java:43)<br />
              sun.reflect.NativeMethodAccessorImpl.invoke0(Native Method)<br />
              sun.reflect.NativeMethodAccessorImpl.invoke(NativeMethodAccessorImpl.java:62)<br />
              sun.reflect.DelegatingMethodAccessorImpl.invoke(DelegatingMethodAccessorImpl.java:43)<br />
              java.lang.reflect.Method.invoke(Method.java:498)<br />
              org.testng.internal.MethodInvocationHelper.invokeMethod(MethodInvocationHelper.java:124)<br />
              org.testng.internal.Invoker.invokeMethod(Invoker.java:583)<br />
              org.testng.internal.Invoker.invokeTestMethod(Invoker.java:719)<br />
              org.testng.internal.Invoker.invokeTestMethods(Invoker.java:989)<br />
              org.testng.internal.TestMethodWorker.invokeTestMethods(TestMethodWorker.java:125)<br />
              org.testng.internal.TestMethodWorker.run(TestMethodWorker.java:109)<br />
              org.testng.TestRunner.privateRun(TestRunner.java:648)<br />
              org.testng.TestRunner.run(TestRunner.java:505)<br />
              org.testng.SuiteRunner.runTest(SuiteRunner.java:455)<br />
              org.testng.SuiteRunner.runSequentially(SuiteRunner.java:450)<br />
              org.testng.SuiteRunner.privateRun(SuiteRunner.java:415)<br />
              org.testng.SuiteRunner.run(SuiteRunner.java:364)<br />
              org.testng.SuiteRunnerWorker.runSuite(SuiteRunnerWorker.java:52)<br />
              org.testng.SuiteRunnerWorker.run(SuiteRunnerWorker.java:84)<br />
              org.testng.TestNG.runSuitesSequentially(TestNG.java:1208)<br />
              org.testng.TestNG.runSuitesLocally(TestNG.java:1137)<br />
              org.testng.TestNG.runSuites(TestNG.java:1049)<br />
              org.testng.TestNG.run(TestNG.java:1017)<br />
              com.intellij.rt.testng.IDEARemoteTestNG.run(IDEARemoteTestNG.java:66)<br />
              com.intellij.rt.testng.RemoteTestNGStarter.main(RemoteTestNGStarter.java:109)<br />
                </div>
      </td>
</tr>
          <tr>
        <td colspan="3" class="group">demo.xcart.shopping.ShoppingTest</td>
      </tr>
            
<tr>
  <td class="method">
                  verifyThatUserShouldPlaceOrderSuccessfullyForAvengersFabrikationsPlush
      </td>
  <td class="duration">
    39.342s
  </td>
  <td class="result">
        
    
            <div class="testOutput">
                        Mouse hover on Hot DealsBy.xpath: //ul[@class='nav navbar-nav top-main-menu']/li[2]/span<br>
                                Mouse hover on Sale Link and ClickBy.xpath: //ul[@class='nav navbar-nav top-main-menu']/li[2]/ul/li[1]<br>
                                Verify the Text, SaleBy.xpath: //h1[@id='page-title']<br>
                                Mouse hover on SortByBy.xpath: //span[contains(text(),'Sort by:')]<br>
                                Select Name A to Z and ClickBy.xpath: //ul[@id='XLite-Module-CDev-Sale-View-SalePage-sortby-1']/li[5]/a<br>
                                Click Add to Cart for Avengers Fabrikations PlushBy.xpath: //button[@class='btn  regular-button add-to-cart product-add2cart productid-16']/span<br>
                                Verify Message Product Added to CartBy.xpath: //li[contains(text(),'Product has been added to your cart')]<br>
                                Verify Message Product to Cart is ClosedBy.xpath: //div[@id='status-messages']/a<br>
                                Clicking Your Cart IconBy.xpath: //div[@title='Your cart']<br>
                                Click on View Cart ButtonBy.xpath: //span[contains(text(),'View cart')]<br>
                                Verify the Text, Your Shopping Cart 1 ItemBy.xpath: //h1[contains(text(),'Your shopping cart - 1 item')]<br>
                                Clear Quantity to 0By.xpath: //input[@id='amount16']<br>
                                Change Quantity to 2By.xpath: //input[@id='amount16']<br>
                                Verify the Text, Your Shopping Cart 2 ItemsBy.xpath: //h1[contains(text(),'Your shopping cart - 2 items')]<br>
                                Verify SubtotalBy.xpath: //ul[@class='sums']/li/span<br>
                                Verify TotalBy.xpath: //li[@class='total']/span/span[1]<br>
                                Click Go To Checkout ButtonBy.xpath: //span[contains(text(),'Go to checkout')]<br>
                                Verify the Text, Log in to your accountBy.xpath: //h3[contains(text(),'Log in to your account')]<br>
                                Enter Email AddressBy.xpath: //input[@id='email']<br>
                                Click on Continue ButtonBy.xpath: //span[contains(text(),'Continue')]<br>
                                Verify the Text, Secure CheckoutBy.xpath: //body/div[@id='page-wrapper']/div[@id='page']/div[@id='main-wrapper']/div[@id='main']/div[1]/div[2]/div[1]/div[1]/div[1]/div[1]/div[1]/h1[1]<br>
                                Enter First NameBy.xpath: //input[@id='shippingaddress-firstname']<br>
                                Enter Last NameBy.xpath: //input[@id='shippingaddress-lastname']<br>
                                Enter AddressBy.xpath: //input[@id='shippingaddress-street']<br>
                                Enter StateBy.xpath: //input[@id='shippingaddress-custom-state']<br>
                                Select Deliver Method to Local ShippingBy.xpath: //span[contains(text(),'Local shipping')]<br>
                                Select Payment Method CODBy.xpath: //div[@class='radio']/label/input[@id='pmethod6']<br>
                                Click to see screenshot
                                <a target = "_blank" href=C:\Users\Nehal\IdeaProjects\xcart-HW-2-Week14/test-output/html/verifyThatUserShouldPlaceOrderSuccessfullyForAvengersFabrikationsPlushFri_Jun_18_00_34_03_BST_2021.jpg>Screenshot</a>
                                <br>
                                <br>
                                <a target = "_blank" href=C:\Users\Nehal\IdeaProjects\xcart-HW-2-Week14/test-output/html/verifyThatUserShouldPlaceOrderSuccessfullyForAvengersFabrikationsPlushFri_Jun_18_00_34_03_BST_2021.jpg><img src=C:\Users\Nehal\IdeaProjects\xcart-HW-2-Week14/test-output/html/verifyThatUserShouldPlaceOrderSuccessfullyForAvengersFabrikationsPlushFri_Jun_18_00_34_03_BST_2021.jpg height=200 width=200></img></a>
                  </div>
    

        <a href="javascript:toggleElement('exception-6', 'block')" title="Click to expand/collapse"><b>org.openqa.selenium.ElementClickInterceptedException: element click intercepted: Element &lt;input type=&quot;radio&quot; id=&quot;pmethod6&quot; name=&quot;methodId&quot; value=&quot;6&quot;&gt; is not clickable at point (500, 608). Other element would receive the click: &lt;div class=&quot;shade-block-overlay&quot; id=&quot;overlay-592841&quot; style=&quot;width: 367.328px; height: 401px; margin-left: 0px; margin-top: 0px;&quot;&gt;&lt;/div&gt;<br/>
&nbsp; (Session info: chrome=91.0.4472.106)<br/>
Build info: version: &apos;3.141.59&apos;, revision: &apos;e82be7d358&apos;, time: &apos;2018-11-14T08:17:03&apos;<br/>
System info: host: &apos;DESKTOP-R59LGQ5&apos;, ip: &apos;192.168.0.17&apos;, os.name: &apos;Windows 10&apos;, os.arch: &apos;amd64&apos;, os.version: &apos;10.0&apos;, java.version: &apos;1.8.0_121&apos;<br/>
Driver info: org.openqa.selenium.chrome.ChromeDriver<br/>
Capabilities {acceptInsecureCerts: false, browserName: chrome, browserVersion: 91.0.4472.106, chrome: {chromedriverVersion: 90.0.4430.24 (4c6d850f087da..., userDataDir: C:\Users\Nehal\AppData\Loca...}, goog:chromeOptions: {debuggerAddress: localhost:53444}, javascriptEnabled: true, networkConnectionEnabled: false, pageLoadStrategy: normal, platform: WINDOWS, platformName: WINDOWS, proxy: Proxy(), setWindowRect: true, strictFileInteractability: false, timeouts: {implicit: 0, pageLoad: 300000, script: 30000}, unhandledPromptBehavior: dismiss and notify, webauthn:extension:largeBlob: true, webauthn:virtualAuthenticators: true}<br/>
Session ID: dc1f6c9aa773cc553ce3720de96d22e2</b></a><br />
    <div class="stackTrace" id="exception-6">
              sun.reflect.NativeConstructorAccessorImpl.newInstance0(Native Method)<br />
              sun.reflect.NativeConstructorAccessorImpl.newInstance(NativeConstructorAccessorImpl.java:62)<br />
              sun.reflect.DelegatingConstructorAccessorImpl.newInstance(DelegatingConstructorAccessorImpl.java:45)<br />
              java.lang.reflect.Constructor.newInstance(Constructor.java:423)<br />
              org.openqa.selenium.remote.http.W3CHttpResponseCodec.createException(W3CHttpResponseCodec.java:187)<br />
              org.openqa.selenium.remote.http.W3CHttpResponseCodec.decode(W3CHttpResponseCodec.java:122)<br />
              org.openqa.selenium.remote.http.W3CHttpResponseCodec.decode(W3CHttpResponseCodec.java:49)<br />
              org.openqa.selenium.remote.HttpCommandExecutor.execute(HttpCommandExecutor.java:158)<br />
              org.openqa.selenium.remote.service.DriverCommandExecutor.execute(DriverCommandExecutor.java:83)<br />
              org.openqa.selenium.remote.RemoteWebDriver.execute(RemoteWebDriver.java:552)<br />
              org.openqa.selenium.remote.RemoteWebElement.execute(RemoteWebElement.java:285)<br />
              org.openqa.selenium.remote.RemoteWebElement.click(RemoteWebElement.java:84)<br />
              demo.xcart.utility.Utility.clickOnElement(Utility.java:38)<br />
              demo.xcart.pages.SecureCheckoutPage.setSelectPaymentMethodCOD(SecureCheckoutPage.java:46)<br />
              demo.xcart.shopping.ShoppingTest.verifyThatUserShouldPlaceOrderSuccessfullyForAvengersFabrikationsPlush(ShoppingTest.java:76)<br />
              sun.reflect.NativeMethodAccessorImpl.invoke0(Native Method)<br />
              sun.reflect.NativeMethodAccessorImpl.invoke(NativeMethodAccessorImpl.java:62)<br />
              sun.reflect.DelegatingMethodAccessorImpl.invoke(DelegatingMethodAccessorImpl.java:43)<br />
              java.lang.reflect.Method.invoke(Method.java:498)<br />
              org.testng.internal.MethodInvocationHelper.invokeMethod(MethodInvocationHelper.java:124)<br />
              org.testng.internal.Invoker.invokeMethod(Invoker.java:583)<br />
              org.testng.internal.Invoker.invokeTestMethod(Invoker.java:719)<br />
              org.testng.internal.Invoker.invokeTestMethods(Invoker.java:989)<br />
              org.testng.internal.TestMethodWorker.invokeTestMethods(TestMethodWorker.java:125)<br />
              org.testng.internal.TestMethodWorker.run(TestMethodWorker.java:109)<br />
              org.testng.TestRunner.privateRun(TestRunner.java:648)<br />
              org.testng.TestRunner.run(TestRunner.java:505)<br />
              org.testng.SuiteRunner.runTest(SuiteRunner.java:455)<br />
              org.testng.SuiteRunner.runSequentially(SuiteRunner.java:450)<br />
              org.testng.SuiteRunner.privateRun(SuiteRunner.java:415)<br />
              org.testng.SuiteRunner.run(SuiteRunner.java:364)<br />
              org.testng.SuiteRunnerWorker.runSuite(SuiteRunnerWorker.java:52)<br />
              org.testng.SuiteRunnerWorker.run(SuiteRunnerWorker.java:84)<br />
              org.testng.TestNG.runSuitesSequentially(TestNG.java:1208)<br />
              org.testng.TestNG.runSuitesLocally(TestNG.java:1137)<br />
              org.testng.TestNG.runSuites(TestNG.java:1049)<br />
              org.testng.TestNG.run(TestNG.java:1017)<br />
              com.intellij.rt.testng.IDEARemoteTestNG.run(IDEARemoteTestNG.java:66)<br />
              com.intellij.rt.testng.RemoteTestNGStarter.main(RemoteTestNGStarter.java:109)<br />
                </div>
      </td>
</tr>
      </table>


  <table class="resultsTable">
    <tr><th colspan="3" class="header passed">Passed Tests</th></tr>
          <tr>
        <td colspan="3" class="group">demo.xcart.homepage.TopMenuTest</td>
      </tr>
            
<tr>
  <td class="method">
                  verifyUserShouldNavigateToComingsoonPageSuccessfully
      </td>
  <td class="duration">
    5.582s
  </td>
  <td class="result">
        
    
            <div class="testOutput">
                        Click on Coming Soon LinkBy.xpath: //div[@class='collapse navbar-collapse']/ul/li[5]<br>
                                Verify the Text, Coming soonBy.xpath: //div[@class='list-container']/h1<br>
                                Click to see screenshot
                                <a target = "_blank" href=C:\Users\Nehal\IdeaProjects\xcart-HW-2-Week14/test-output/html/verifyUserShouldNavigateToComingsoonPageSuccessfullyFri_Jun_18_00_27_28_BST_2021.jpg>Screenshot</a>
                                <br>
                                <br>
                                <a target = "_blank" href=C:\Users\Nehal\IdeaProjects\xcart-HW-2-Week14/test-output/html/verifyUserShouldNavigateToComingsoonPageSuccessfullyFri_Jun_18_00_27_28_BST_2021.jpg><img src=C:\Users\Nehal\IdeaProjects\xcart-HW-2-Week14/test-output/html/verifyUserShouldNavigateToComingsoonPageSuccessfullyFri_Jun_18_00_27_28_BST_2021.jpg height=200 width=200></img></a>
                  </div>
    

      </td>
</tr>
<tr>
  <td class="method">
                  verifyUserShouldNavigateToContactUSPageSuccessfully
      </td>
  <td class="duration">
    5.613s
  </td>
  <td class="result">
        
    
            <div class="testOutput">
                        Click on Contact Us LinkBy.xpath: //div[@class='collapse navbar-collapse']/ul/li[6]<br>
                                Verify the Text, Contact usBy.xpath: //div[@class='list-container']/h1<br>
                                Click to see screenshot
                                <a target = "_blank" href=C:\Users\Nehal\IdeaProjects\xcart-HW-2-Week14/test-output/html/verifyUserShouldNavigateToContactUSPageSuccessfullyFri_Jun_18_00_27_47_BST_2021.jpg>Screenshot</a>
                                <br>
                                <br>
                                <a target = "_blank" href=C:\Users\Nehal\IdeaProjects\xcart-HW-2-Week14/test-output/html/verifyUserShouldNavigateToContactUSPageSuccessfullyFri_Jun_18_00_27_47_BST_2021.jpg><img src=C:\Users\Nehal\IdeaProjects\xcart-HW-2-Week14/test-output/html/verifyUserShouldNavigateToContactUSPageSuccessfullyFri_Jun_18_00_27_47_BST_2021.jpg height=200 width=200></img></a>
                  </div>
    

      </td>
</tr>
<tr>
  <td class="method">
                  verifyUserShouldNavigateToNewPageSuccessfully
      </td>
  <td class="duration">
    5.437s
  </td>
  <td class="result">
        
    
            <div class="testOutput">
                        Click on New LinkBy.xpath: //div[@class='collapse navbar-collapse']/ul/li[4]<br>
                                Verify the Text, New arrivalsBy.xpath: //div[@class='list-container']/h1<br>
                                Click to see screenshot
                                <a target = "_blank" href=C:\Users\Nehal\IdeaProjects\xcart-HW-2-Week14/test-output/html/verifyUserShouldNavigateToNewPageSuccessfullyFri_Jun_18_00_28_04_BST_2021.jpg>Screenshot</a>
                                <br>
                                <br>
                                <a target = "_blank" href=C:\Users\Nehal\IdeaProjects\xcart-HW-2-Week14/test-output/html/verifyUserShouldNavigateToNewPageSuccessfullyFri_Jun_18_00_28_04_BST_2021.jpg><img src=C:\Users\Nehal\IdeaProjects\xcart-HW-2-Week14/test-output/html/verifyUserShouldNavigateToNewPageSuccessfullyFri_Jun_18_00_28_04_BST_2021.jpg height=200 width=200></img></a>
                  </div>
    

      </td>
</tr>
<tr>
  <td class="method">
                  verifyUserShouldNavigateToShippingPageSuccessfully
      </td>
  <td class="duration">
    5.620s
  </td>
  <td class="result">
        
    
            <div class="testOutput">
                        Click on Shipping LinkBy.xpath: //div[@class='collapse navbar-collapse']/ul/li[3]<br>
                                Verify the Text, ShippingBy.xpath: //div[@class='list-container']/h1<br>
                                Click to see screenshot
                                <a target = "_blank" href=C:\Users\Nehal\IdeaProjects\xcart-HW-2-Week14/test-output/html/verifyUserShouldNavigateToShippingPageSuccessfullyFri_Jun_18_00_28_19_BST_2021.jpg>Screenshot</a>
                                <br>
                                <br>
                                <a target = "_blank" href=C:\Users\Nehal\IdeaProjects\xcart-HW-2-Week14/test-output/html/verifyUserShouldNavigateToShippingPageSuccessfullyFri_Jun_18_00_28_19_BST_2021.jpg><img src=C:\Users\Nehal\IdeaProjects\xcart-HW-2-Week14/test-output/html/verifyUserShouldNavigateToShippingPageSuccessfullyFri_Jun_18_00_28_19_BST_2021.jpg height=200 width=200></img></a>
                  </div>
    

      </td>
</tr>
          <tr>
        <td colspan="3" class="group">demo.xcart.shopping.ShoppingTest</td>
      </tr>
            
<tr>
  <td class="method">
                  verifyThatUserShouldClearShoppingCartSuccessfully
      </td>
  <td class="duration">
    28.600s
  </td>
  <td class="result">
        
    
            <div class="testOutput">
                        Mouse hover on Hot DealsBy.xpath: //ul[@class='nav navbar-nav top-main-menu']/li[2]/span<br>
                                Mouse hover on Bestsellers Link and ClickBy.xpath: //ul[@class='nav navbar-nav top-main-menu']/li[2]/ul/li[2]<br>
                                Verify Message BestsellersBy.xpath: //h1[@id='page-title']<br>
                                Mouse hover on Sort ByBy.xpath: //span[contains(text(),'Sort by:')]<br>
                                Select Name A to Z and clickBy.xpath: //ul[@id='XLite-Module-CDev-Bestsellers-View-BestsellersPage-sortby-1']/li[4]/a<br>
                                Click Add to Cart for VinylIdol GhosbustersBy.xpath: //button[@class='btn  regular-button add-to-cart product-add2cart productid-13']<br>
                                Verify Message Product Added to CartBy.xpath: //li[contains(text(),'Product has been added to your cart')]<br>
                                Verify Message Product Added to Cart is closedBy.xpath: //div[@id='status-messages']/a<br>
                                Click to Your Cart IconBy.xpath: //div[@title='Your cart']<br>
                                Click on View Cart ButtonBy.xpath: //span[contains(text(),'View cart')]<br>
                                Verify the Text, Your Shopping Cart 1 ItemBy.xpath: //h1[contains(text(),'Your shopping cart - 1 item')]<br>
                                Click on Empty Your Cart LinkBy.xpath: //a[contains(text(),'Empty your cart')]<br>
                                Verify Text, Items Deleted From Your CartBy.id: status-messages<br>
                                Verify the Text, Your Cart Is EmptyBy.xpath: //h1[contains(text(),'Your cart is empty')]<br>
                                Click to see screenshot
                                <a target = "_blank" href=C:\Users\Nehal\IdeaProjects\xcart-HW-2-Week14/test-output/html/verifyThatUserShouldClearShoppingCartSuccessfullyFri_Jun_18_00_33_06_BST_2021.jpg>Screenshot</a>
                                <br>
                                <br>
                                <a target = "_blank" href=C:\Users\Nehal\IdeaProjects\xcart-HW-2-Week14/test-output/html/verifyThatUserShouldClearShoppingCartSuccessfullyFri_Jun_18_00_33_06_BST_2021.jpg><img src=C:\Users\Nehal\IdeaProjects\xcart-HW-2-Week14/test-output/html/verifyThatUserShouldClearShoppingCartSuccessfullyFri_Jun_18_00_33_06_BST_2021.jpg height=200 width=200></img></a>
                  </div>
    

      </td>
</tr>
      </table>
  
</body>
</html>
